[2024-11-21 11:14:18] local.ERROR: No arguments expected for "key:" command, got "generate". {"exception":"[object] (Symfony\\Component\\Console\\Exception\\RuntimeException(code: 0): No arguments expected for \"key:\" command, got \"generate\". at D:\\DATA1\\kuliah\\Frnt End\\UAS_FRONTEND\\ZALORA\\UAS_FE\\vendor\\symfony\\console\\Input\\ArgvInput.php:193)
[stacktrace]
#0 D:\\DATA1\\kuliah\\Frnt End\\UAS_FRONTEND\\ZALORA\\UAS_FE\\vendor\\symfony\\console\\Input\\ArgvInput.php(86): Symfony\\Component\\Console\\Input\\ArgvInput->parseArgument('generate')
#1 D:\\DATA1\\kuliah\\Frnt End\\UAS_FRONTEND\\ZALORA\\UAS_FE\\vendor\\symfony\\console\\Input\\ArgvInput.php(71): Symfony\\Component\\Console\\Input\\ArgvInput->parseToken('generate', true)
#2 D:\\DATA1\\kuliah\\Frnt End\\UAS_FRONTEND\\ZALORA\\UAS_FE\\vendor\\symfony\\console\\Input\\Input.php(53): Symfony\\Component\\Console\\Input\\ArgvInput->parse()
#3 D:\\DATA1\\kuliah\\Frnt End\\UAS_FRONTEND\\ZALORA\\UAS_FE\\vendor\\symfony\\console\\Command\\Command.php(238): Symfony\\Component\\Console\\Input\\Input->bind(Object(Symfony\\Component\\Console\\Input\\InputDefinition))
#4 D:\\DATA1\\kuliah\\Frnt End\\UAS_FRONTEND\\ZALORA\\UAS_FE\\vendor\\laravel\\framework\\src\\Illuminate\\Console\\Command.php(182): Symfony\\Component\\Console\\Command\\Command->run(Object(Symfony\\Component\\Console\\Input\\ArgvInput), Object(Illuminate\\Console\\OutputStyle))
#5 D:\\DATA1\\kuliah\\Frnt End\\UAS_FRONTEND\\ZALORA\\UAS_FE\\vendor\\symfony\\console\\Application.php(1047): Illuminate\\Console\\Command->run(Object(Symfony\\Component\\Console\\Input\\ArgvInput), Object(Symfony\\Component\\Console\\Output\\ConsoleOutput))
#6 D:\\DATA1\\kuliah\\Frnt End\\UAS_FRONTEND\\ZALORA\\UAS_FE\\vendor\\symfony\\console\\Application.php(316): Symfony\\Component\\Console\\Application->doRunCommand(Object(Illuminate\\Foundation\\Console\\KeyGenerateCommand), Object(Symfony\\Component\\Console\\Input\\ArgvInput), Object(Symfony\\Component\\Console\\Output\\ConsoleOutput))
#7 D:\\DATA1\\kuliah\\Frnt End\\UAS_FRONTEND\\ZALORA\\UAS_FE\\vendor\\symfony\\console\\Application.php(167): Symfony\\Component\\Console\\Application->doRun(Object(Symfony\\Component\\Console\\Input\\ArgvInput), Object(Symfony\\Component\\Console\\Output\\ConsoleOutput))
#8 D:\\DATA1\\kuliah\\Frnt End\\UAS_FRONTEND\\ZALORA\\UAS_FE\\vendor\\laravel\\framework\\src\\Illuminate\\Foundation\\Console\\Kernel.php(197): Symfony\\Component\\Console\\Application->run(Object(Symfony\\Component\\Console\\Input\\ArgvInput), Object(Symfony\\Component\\Console\\Output\\ConsoleOutput))
#9 D:\\DATA1\\kuliah\\Frnt End\\UAS_FRONTEND\\ZALORA\\UAS_FE\\vendor\\laravel\\framework\\src\\Illuminate\\Foundation\\Application.php(1205): Illuminate\\Foundation\\Console\\Kernel->handle(Object(Symfony\\Component\\Console\\Input\\ArgvInput), Object(Symfony\\Component\\Console\\Output\\ConsoleOutput))
#10 D:\\DATA1\\kuliah\\Frnt End\\UAS_FRONTEND\\ZALORA\\UAS_FE\\artisan(13): Illuminate\\Foundation\\Application->handleCommand(Object(Symfony\\Component\\Console\\Input\\ArgvInput))
#11 {main}
"} 
[2024-11-21 11:15:14] local.ERROR: Class "MongoDB\Driver\Manager" not found {"exception":"[object] (Error(code: 0): Class \"MongoDB\\Driver\\Manager\" not found at D:\\DATA1\\kuliah\\Frnt End\\UAS_FRONTEND\\ZALORA\\UAS_FE\\vendor\\mongodb\\mongodb\\src\\Client.php:126)
[stacktrace]
#0 D:\\DATA1\\kuliah\\Frnt End\\UAS_FRONTEND\\ZALORA\\UAS_FE\\vendor\\mongodb\\laravel-mongodb\\src\\Connection.php(201): MongoDB\\Client->__construct('mongodb+srv://h...', Array, Array)
#1 D:\\DATA1\\kuliah\\Frnt End\\UAS_FRONTEND\\ZALORA\\UAS_FE\\vendor\\mongodb\\laravel-mongodb\\src\\Connection.php(66): MongoDB\\Laravel\\Connection->createConnection('mongodb+srv://h...', Array, Array)
#2 D:\\DATA1\\kuliah\\Frnt End\\UAS_FRONTEND\\ZALORA\\UAS_FE\\vendor\\mongodb\\laravel-mongodb\\src\\MongoDBServiceProvider.php(52): MongoDB\\Laravel\\Connection->__construct(Array)
#3 [internal function]: MongoDB\\Laravel\\MongoDBServiceProvider->MongoDB\\Laravel\\{closure}(Array, 'mongodb')
#4 D:\\DATA1\\kuliah\\Frnt End\\UAS_FRONTEND\\ZALORA\\UAS_FE\\vendor\\laravel\\framework\\src\\Illuminate\\Database\\DatabaseManager.php(172): call_user_func(Object(Closure), Array, 'mongodb')
#5 D:\\DATA1\\kuliah\\Frnt End\\UAS_FRONTEND\\ZALORA\\UAS_FE\\vendor\\laravel\\framework\\src\\Illuminate\\Database\\DatabaseManager.php(93): Illuminate\\Database\\DatabaseManager->makeConnection('mongodb')
#6 D:\\DATA1\\kuliah\\Frnt End\\UAS_FRONTEND\\ZALORA\\UAS_FE\\vendor\\laravel\\framework\\src\\Illuminate\\Database\\Migrations\\DatabaseMigrationRepository.php(226): Illuminate\\Database\\DatabaseManager->connection('mongodb')
#7 D:\\DATA1\\kuliah\\Frnt End\\UAS_FRONTEND\\ZALORA\\UAS_FE\\vendor\\laravel\\framework\\src\\Illuminate\\Database\\Migrations\\DatabaseMigrationRepository.php(182): Illuminate\\Database\\Migrations\\DatabaseMigrationRepository->getConnection()
#8 D:\\DATA1\\kuliah\\Frnt End\\UAS_FRONTEND\\ZALORA\\UAS_FE\\vendor\\laravel\\framework\\src\\Illuminate\\Database\\Migrations\\Migrator.php(681): Illuminate\\Database\\Migrations\\DatabaseMigrationRepository->repositoryExists()
#9 D:\\DATA1\\kuliah\\Frnt End\\UAS_FRONTEND\\ZALORA\\UAS_FE\\vendor\\laravel\\framework\\src\\Illuminate\\Database\\Console\\Migrations\\MigrateCommand.php(164): Illuminate\\Database\\Migrations\\Migrator->repositoryExists()
#10 D:\\DATA1\\kuliah\\Frnt End\\UAS_FRONTEND\\ZALORA\\UAS_FE\\vendor\\laravel\\framework\\src\\Illuminate\\Support\\helpers.php(319): Illuminate\\Database\\Console\\Migrations\\MigrateCommand->Illuminate\\Database\\Console\\Migrations\\{closure}(1)
#11 D:\\DATA1\\kuliah\\Frnt End\\UAS_FRONTEND\\ZALORA\\UAS_FE\\vendor\\laravel\\framework\\src\\Illuminate\\Database\\Console\\Migrations\\MigrateCommand.php(164): retry(1, Object(Closure), 0, Object(Closure))
#12 D:\\DATA1\\kuliah\\Frnt End\\UAS_FRONTEND\\ZALORA\\UAS_FE\\vendor\\laravel\\framework\\src\\Illuminate\\Database\\Console\\Migrations\\MigrateCommand.php(140): Illuminate\\Database\\Console\\Migrations\\MigrateCommand->repositoryExists()
#13 D:\\DATA1\\kuliah\\Frnt End\\UAS_FRONTEND\\ZALORA\\UAS_FE\\vendor\\laravel\\framework\\src\\Illuminate\\Database\\Console\\Migrations\\MigrateCommand.php(110): Illuminate\\Database\\Console\\Migrations\\MigrateCommand->prepareDatabase()
#14 D:\\DATA1\\kuliah\\Frnt End\\UAS_FRONTEND\\ZALORA\\UAS_FE\\vendor\\laravel\\framework\\src\\Illuminate\\Database\\Migrations\\Migrator.php(616): Illuminate\\Database\\Console\\Migrations\\MigrateCommand->Illuminate\\Database\\Console\\Migrations\\{closure}()
#15 D:\\DATA1\\kuliah\\Frnt End\\UAS_FRONTEND\\ZALORA\\UAS_FE\\vendor\\laravel\\framework\\src\\Illuminate\\Database\\Console\\Migrations\\MigrateCommand.php(109): Illuminate\\Database\\Migrations\\Migrator->usingConnection(NULL, Object(Closure))
#16 D:\\DATA1\\kuliah\\Frnt End\\UAS_FRONTEND\\ZALORA\\UAS_FE\\vendor\\laravel\\framework\\src\\Illuminate\\Database\\Console\\Migrations\\MigrateCommand.php(88): Illuminate\\Database\\Console\\Migrations\\MigrateCommand->runMigrations()
#17 D:\\DATA1\\kuliah\\Frnt End\\UAS_FRONTEND\\ZALORA\\UAS_FE\\vendor\\laravel\\framework\\src\\Illuminate\\Container\\BoundMethod.php(36): Illuminate\\Database\\Console\\Migrations\\MigrateCommand->handle()
#18 D:\\DATA1\\kuliah\\Frnt End\\UAS_FRONTEND\\ZALORA\\UAS_FE\\vendor\\laravel\\framework\\src\\Illuminate\\Container\\Util.php(43): Illuminate\\Container\\BoundMethod::Illuminate\\Container\\{closure}()
#19 D:\\DATA1\\kuliah\\Frnt End\\UAS_FRONTEND\\ZALORA\\UAS_FE\\vendor\\laravel\\framework\\src\\Illuminate\\Container\\BoundMethod.php(95): Illuminate\\Container\\Util::unwrapIfClosure(Object(Closure))
#20 D:\\DATA1\\kuliah\\Frnt End\\UAS_FRONTEND\\ZALORA\\UAS_FE\\vendor\\laravel\\framework\\src\\Illuminate\\Container\\BoundMethod.php(35): Illuminate\\Container\\BoundMethod::callBoundMethod(Object(Illuminate\\Foundation\\Application), Array, Object(Closure))
#21 D:\\DATA1\\kuliah\\Frnt End\\UAS_FRONTEND\\ZALORA\\UAS_FE\\vendor\\laravel\\framework\\src\\Illuminate\\Container\\Container.php(690): Illuminate\\Container\\BoundMethod::call(Object(Illuminate\\Foundation\\Application), Array, Array, NULL)
#22 D:\\DATA1\\kuliah\\Frnt End\\UAS_FRONTEND\\ZALORA\\UAS_FE\\vendor\\laravel\\framework\\src\\Illuminate\\Console\\Command.php(213): Illuminate\\Container\\Container->call(Array)
#23 D:\\DATA1\\kuliah\\Frnt End\\UAS_FRONTEND\\ZALORA\\UAS_FE\\vendor\\symfony\\console\\Command\\Command.php(279): Illuminate\\Console\\Command->execute(Object(Symfony\\Component\\Console\\Input\\ArgvInput), Object(Illuminate\\Console\\OutputStyle))
#24 D:\\DATA1\\kuliah\\Frnt End\\UAS_FRONTEND\\ZALORA\\UAS_FE\\vendor\\laravel\\framework\\src\\Illuminate\\Console\\Command.php(182): Symfony\\Component\\Console\\Command\\Command->run(Object(Symfony\\Component\\Console\\Input\\ArgvInput), Object(Illuminate\\Console\\OutputStyle))
#25 D:\\DATA1\\kuliah\\Frnt End\\UAS_FRONTEND\\ZALORA\\UAS_FE\\vendor\\symfony\\console\\Application.php(1047): Illuminate\\Console\\Command->run(Object(Symfony\\Component\\Console\\Input\\ArgvInput), Object(Symfony\\Component\\Console\\Output\\ConsoleOutput))
#26 D:\\DATA1\\kuliah\\Frnt End\\UAS_FRONTEND\\ZALORA\\UAS_FE\\vendor\\symfony\\console\\Application.php(316): Symfony\\Component\\Console\\Application->doRunCommand(Object(Illuminate\\Database\\Console\\Migrations\\MigrateCommand), Object(Symfony\\Component\\Console\\Input\\ArgvInput), Object(Symfony\\Component\\Console\\Output\\ConsoleOutput))
#27 D:\\DATA1\\kuliah\\Frnt End\\UAS_FRONTEND\\ZALORA\\UAS_FE\\vendor\\symfony\\console\\Application.php(167): Symfony\\Component\\Console\\Application->doRun(Object(Symfony\\Component\\Console\\Input\\ArgvInput), Object(Symfony\\Component\\Console\\Output\\ConsoleOutput))
#28 D:\\DATA1\\kuliah\\Frnt End\\UAS_FRONTEND\\ZALORA\\UAS_FE\\vendor\\laravel\\framework\\src\\Illuminate\\Foundation\\Console\\Kernel.php(197): Symfony\\Component\\Console\\Application->run(Object(Symfony\\Component\\Console\\Input\\ArgvInput), Object(Symfony\\Component\\Console\\Output\\ConsoleOutput))
#29 D:\\DATA1\\kuliah\\Frnt End\\UAS_FRONTEND\\ZALORA\\UAS_FE\\vendor\\laravel\\framework\\src\\Illuminate\\Foundation\\Application.php(1205): Illuminate\\Foundation\\Console\\Kernel->handle(Object(Symfony\\Component\\Console\\Input\\ArgvInput), Object(Symfony\\Component\\Console\\Output\\ConsoleOutput))
#30 D:\\DATA1\\kuliah\\Frnt End\\UAS_FRONTEND\\ZALORA\\UAS_FE\\artisan(13): Illuminate\\Foundation\\Application->handleCommand(Object(Symfony\\Component\\Console\\Input\\ArgvInput))
#31 {main}
"} 
[2024-11-21 11:35:21] local.ERROR: E11000 duplicate key error collection: myappdb.users index: email_1 dup key: { email: "test@example.com" } {"exception":"[object] (MongoDB\\Driver\\Exception\\BulkWriteException(code: 11000): E11000 duplicate key error collection: myappdb.users index: email_1 dup key: { email: \"test@example.com\" } at D:\\DATA1\\kuliah\\Frnt End\\UAS_FRONTEND\\ZALORA\\UAS_FE\\vendor\\mongodb\\mongodb\\src\\Operation\\InsertOne.php:126)
[stacktrace]
#0 D:\\DATA1\\kuliah\\Frnt End\\UAS_FRONTEND\\ZALORA\\UAS_FE\\vendor\\mongodb\\mongodb\\src\\Operation\\InsertOne.php(126): MongoDB\\Driver\\Server->executeBulkWrite('myappdb.users', Object(MongoDB\\Driver\\BulkWrite), Array)
#1 D:\\DATA1\\kuliah\\Frnt End\\UAS_FRONTEND\\ZALORA\\UAS_FE\\vendor\\mongodb\\mongodb\\src\\Collection.php(934): MongoDB\\Operation\\InsertOne->execute(Object(MongoDB\\Driver\\Server))
#2 D:\\DATA1\\kuliah\\Frnt End\\UAS_FRONTEND\\ZALORA\\UAS_FE\\vendor\\mongodb\\laravel-mongodb\\src\\Collection.php(49): MongoDB\\Collection->insertOne(Array, Array)
#3 D:\\DATA1\\kuliah\\Frnt End\\UAS_FRONTEND\\ZALORA\\UAS_FE\\vendor\\mongodb\\laravel-mongodb\\src\\Query\\Builder.php(697): MongoDB\\Laravel\\Collection->__call('insertOne', Array)
#4 D:\\DATA1\\kuliah\\Frnt End\\UAS_FRONTEND\\ZALORA\\UAS_FE\\vendor\\laravel\\framework\\src\\Illuminate\\Database\\Eloquent\\Builder.php(2049): MongoDB\\Laravel\\Query\\Builder->insertGetId(Array, '_id')
#5 D:\\DATA1\\kuliah\\Frnt End\\UAS_FRONTEND\\ZALORA\\UAS_FE\\vendor\\mongodb\\laravel-mongodb\\src\\Eloquent\\Builder.php(111): Illuminate\\Database\\Eloquent\\Builder->__call('insertGetId', Array)
#6 D:\\DATA1\\kuliah\\Frnt End\\UAS_FRONTEND\\ZALORA\\UAS_FE\\vendor\\laravel\\framework\\src\\Illuminate\\Database\\Eloquent\\Model.php(1358): MongoDB\\Laravel\\Eloquent\\Builder->insertGetId(Array, '_id')
#7 D:\\DATA1\\kuliah\\Frnt End\\UAS_FRONTEND\\ZALORA\\UAS_FE\\vendor\\laravel\\framework\\src\\Illuminate\\Database\\Eloquent\\Model.php(1323): Illuminate\\Database\\Eloquent\\Model->insertAndSetId(Object(MongoDB\\Laravel\\Eloquent\\Builder), Array)
#8 D:\\DATA1\\kuliah\\Frnt End\\UAS_FRONTEND\\ZALORA\\UAS_FE\\vendor\\laravel\\framework\\src\\Illuminate\\Database\\Eloquent\\Model.php(1162): Illuminate\\Database\\Eloquent\\Model->performInsert(Object(MongoDB\\Laravel\\Eloquent\\Builder))
#9 D:\\DATA1\\kuliah\\Frnt End\\UAS_FRONTEND\\ZALORA\\UAS_FE\\vendor\\mongodb\\laravel-mongodb\\src\\Eloquent\\DocumentModel.php(738): Illuminate\\Database\\Eloquent\\Model->save(Array)
#10 D:\\DATA1\\kuliah\\Frnt End\\UAS_FRONTEND\\ZALORA\\UAS_FE\\vendor\\laravel\\framework\\src\\Illuminate\\Database\\Eloquent\\Factories\\Factory.php(349): MongoDB\\Laravel\\Auth\\User->save()
#11 D:\\DATA1\\kuliah\\Frnt End\\UAS_FRONTEND\\ZALORA\\UAS_FE\\vendor\\laravel\\framework\\src\\Illuminate\\Collections\\Traits\\EnumeratesValues.php(257): Illuminate\\Database\\Eloquent\\Factories\\Factory->Illuminate\\Database\\Eloquent\\Factories\\{closure}(Object(App\\Models\\User), 0)
#12 D:\\DATA1\\kuliah\\Frnt End\\UAS_FRONTEND\\ZALORA\\UAS_FE\\vendor\\laravel\\framework\\src\\Illuminate\\Database\\Eloquent\\Factories\\Factory.php(344): Illuminate\\Support\\Collection->each(Object(Closure))
#13 D:\\DATA1\\kuliah\\Frnt End\\UAS_FRONTEND\\ZALORA\\UAS_FE\\vendor\\laravel\\framework\\src\\Illuminate\\Database\\Eloquent\\Factories\\Factory.php(298): Illuminate\\Database\\Eloquent\\Factories\\Factory->store(Object(Illuminate\\Support\\Collection))
#14 D:\\DATA1\\kuliah\\Frnt End\\UAS_FRONTEND\\ZALORA\\UAS_FE\\vendor\\laravel\\framework\\src\\Illuminate\\Database\\Eloquent\\Factories\\Factory.php(292): Illuminate\\Database\\Eloquent\\Factories\\Factory->create(Array, NULL)
#15 D:\\DATA1\\kuliah\\Frnt End\\UAS_FRONTEND\\ZALORA\\UAS_FE\\database\\seeders\\DatabaseSeeder.php(18): Illuminate\\Database\\Eloquent\\Factories\\Factory->create(Array)
#16 D:\\DATA1\\kuliah\\Frnt End\\UAS_FRONTEND\\ZALORA\\UAS_FE\\vendor\\laravel\\framework\\src\\Illuminate\\Container\\BoundMethod.php(36): Database\\Seeders\\DatabaseSeeder->run()
#17 D:\\DATA1\\kuliah\\Frnt End\\UAS_FRONTEND\\ZALORA\\UAS_FE\\vendor\\laravel\\framework\\src\\Illuminate\\Container\\Util.php(43): Illuminate\\Container\\BoundMethod::Illuminate\\Container\\{closure}()
#18 D:\\DATA1\\kuliah\\Frnt End\\UAS_FRONTEND\\ZALORA\\UAS_FE\\vendor\\laravel\\framework\\src\\Illuminate\\Container\\BoundMethod.php(95): Illuminate\\Container\\Util::unwrapIfClosure(Object(Closure))
#19 D:\\DATA1\\kuliah\\Frnt End\\UAS_FRONTEND\\ZALORA\\UAS_FE\\vendor\\laravel\\framework\\src\\Illuminate\\Container\\BoundMethod.php(35): Illuminate\\Container\\BoundMethod::callBoundMethod(Object(Illuminate\\Foundation\\Application), Array, Object(Closure))
#20 D:\\DATA1\\kuliah\\Frnt End\\UAS_FRONTEND\\ZALORA\\UAS_FE\\vendor\\laravel\\framework\\src\\Illuminate\\Container\\Container.php(690): Illuminate\\Container\\BoundMethod::call(Object(Illuminate\\Foundation\\Application), Array, Array, NULL)
#21 D:\\DATA1\\kuliah\\Frnt End\\UAS_FRONTEND\\ZALORA\\UAS_FE\\vendor\\laravel\\framework\\src\\Illuminate\\Database\\Seeder.php(184): Illuminate\\Container\\Container->call(Array, Array)
#22 D:\\DATA1\\kuliah\\Frnt End\\UAS_FRONTEND\\ZALORA\\UAS_FE\\vendor\\laravel\\framework\\src\\Illuminate\\Database\\Seeder.php(193): Illuminate\\Database\\Seeder->Illuminate\\Database\\{closure}()
#23 D:\\DATA1\\kuliah\\Frnt End\\UAS_FRONTEND\\ZALORA\\UAS_FE\\vendor\\laravel\\framework\\src\\Illuminate\\Database\\Console\\Seeds\\SeedCommand.php(70): Illuminate\\Database\\Seeder->__invoke()
#24 D:\\DATA1\\kuliah\\Frnt End\\UAS_FRONTEND\\ZALORA\\UAS_FE\\vendor\\laravel\\framework\\src\\Illuminate\\Database\\Eloquent\\Concerns\\GuardsAttributes.php(155): Illuminate\\Database\\Console\\Seeds\\SeedCommand->Illuminate\\Database\\Console\\Seeds\\{closure}()
#25 D:\\DATA1\\kuliah\\Frnt End\\UAS_FRONTEND\\ZALORA\\UAS_FE\\vendor\\laravel\\framework\\src\\Illuminate\\Database\\Console\\Seeds\\SeedCommand.php(69): Illuminate\\Database\\Eloquent\\Model::unguarded(Object(Closure))
#26 D:\\DATA1\\kuliah\\Frnt End\\UAS_FRONTEND\\ZALORA\\UAS_FE\\vendor\\laravel\\framework\\src\\Illuminate\\Container\\BoundMethod.php(36): Illuminate\\Database\\Console\\Seeds\\SeedCommand->handle()
#27 D:\\DATA1\\kuliah\\Frnt End\\UAS_FRONTEND\\ZALORA\\UAS_FE\\vendor\\laravel\\framework\\src\\Illuminate\\Container\\Util.php(43): Illuminate\\Container\\BoundMethod::Illuminate\\Container\\{closure}()
#28 D:\\DATA1\\kuliah\\Frnt End\\UAS_FRONTEND\\ZALORA\\UAS_FE\\vendor\\laravel\\framework\\src\\Illuminate\\Container\\BoundMethod.php(95): Illuminate\\Container\\Util::unwrapIfClosure(Object(Closure))
#29 D:\\DATA1\\kuliah\\Frnt End\\UAS_FRONTEND\\ZALORA\\UAS_FE\\vendor\\laravel\\framework\\src\\Illuminate\\Container\\BoundMethod.php(35): Illuminate\\Container\\BoundMethod::callBoundMethod(Object(Illuminate\\Foundation\\Application), Array, Object(Closure))
#30 D:\\DATA1\\kuliah\\Frnt End\\UAS_FRONTEND\\ZALORA\\UAS_FE\\vendor\\laravel\\framework\\src\\Illuminate\\Container\\Container.php(690): Illuminate\\Container\\BoundMethod::call(Object(Illuminate\\Foundation\\Application), Array, Array, NULL)
#31 D:\\DATA1\\kuliah\\Frnt End\\UAS_FRONTEND\\ZALORA\\UAS_FE\\vendor\\laravel\\framework\\src\\Illuminate\\Console\\Command.php(213): Illuminate\\Container\\Container->call(Array)
#32 D:\\DATA1\\kuliah\\Frnt End\\UAS_FRONTEND\\ZALORA\\UAS_FE\\vendor\\symfony\\console\\Command\\Command.php(279): Illuminate\\Console\\Command->execute(Object(Symfony\\Component\\Console\\Input\\ArgvInput), Object(Illuminate\\Console\\OutputStyle))
#33 D:\\DATA1\\kuliah\\Frnt End\\UAS_FRONTEND\\ZALORA\\UAS_FE\\vendor\\laravel\\framework\\src\\Illuminate\\Console\\Command.php(182): Symfony\\Component\\Console\\Command\\Command->run(Object(Symfony\\Component\\Console\\Input\\ArgvInput), Object(Illuminate\\Console\\OutputStyle))
#34 D:\\DATA1\\kuliah\\Frnt End\\UAS_FRONTEND\\ZALORA\\UAS_FE\\vendor\\symfony\\console\\Application.php(1047): Illuminate\\Console\\Command->run(Object(Symfony\\Component\\Console\\Input\\ArgvInput), Object(Symfony\\Component\\Console\\Output\\ConsoleOutput))
#35 D:\\DATA1\\kuliah\\Frnt End\\UAS_FRONTEND\\ZALORA\\UAS_FE\\vendor\\symfony\\console\\Application.php(316): Symfony\\Component\\Console\\Application->doRunCommand(Object(Illuminate\\Database\\Console\\Seeds\\SeedCommand), Object(Symfony\\Component\\Console\\Input\\ArgvInput), Object(Symfony\\Component\\Console\\Output\\ConsoleOutput))
#36 D:\\DATA1\\kuliah\\Frnt End\\UAS_FRONTEND\\ZALORA\\UAS_FE\\vendor\\symfony\\console\\Application.php(167): Symfony\\Component\\Console\\Application->doRun(Object(Symfony\\Component\\Console\\Input\\ArgvInput), Object(Symfony\\Component\\Console\\Output\\ConsoleOutput))
#37 D:\\DATA1\\kuliah\\Frnt End\\UAS_FRONTEND\\ZALORA\\UAS_FE\\vendor\\laravel\\framework\\src\\Illuminate\\Foundation\\Console\\Kernel.php(197): Symfony\\Component\\Console\\Application->run(Object(Symfony\\Component\\Console\\Input\\ArgvInput), Object(Symfony\\Component\\Console\\Output\\ConsoleOutput))
#38 D:\\DATA1\\kuliah\\Frnt End\\UAS_FRONTEND\\ZALORA\\UAS_FE\\vendor\\laravel\\framework\\src\\Illuminate\\Foundation\\Application.php(1205): Illuminate\\Foundation\\Console\\Kernel->handle(Object(Symfony\\Component\\Console\\Input\\ArgvInput), Object(Symfony\\Component\\Console\\Output\\ConsoleOutput))
#39 D:\\DATA1\\kuliah\\Frnt End\\UAS_FRONTEND\\ZALORA\\UAS_FE\\artisan(13): Illuminate\\Foundation\\Application->handleCommand(Object(Symfony\\Component\\Console\\Input\\ArgvInput))
#40 {main}
"} 
